# JRE version: OpenJDK Runtime Environment (14.0+22) (build 14-ea+22-982)
# Java VM: OpenJDK 64-Bit Server VM (14-ea+22-982, mixed mode, sharing, tiered, compressed oops, g1 gc, windows-amd64)
Heap:
 garbage-first heap   total 32768K, used 20281K [0x00000000e1200000, 0x0000000100000000)
  region size 1024K, 18 young (18432K), 3 survivors (3072K)
 Metaspace       used 19550K, capacity 20001K, committed 20224K, reserved 1067008K
  class space    used 2362K, capacity 2496K, committed 2560K, reserved 1048576K
GC Heap History (10 events):
Event: 13.253 GC heap before
{Heap before GC invocations=0 (full 0):
 garbage-first heap   total 32768K, used 14336K [0x00000000e1200000, 0x0000000100000000)
  region size 1024K, 14 young (14336K), 0 survivors (0K)
 Metaspace       used 3889K, capacity 7072K, committed 7296K, reserved 1056768K
  class space    used 462K, capacity 785K, committed 896K, reserved 1048576K
}
Event: 13.271 GC heap after
{Heap after GC invocations=1 (full 0):
 garbage-first heap   total 32768K, used 2961K [0x00000000e1200000, 0x0000000100000000)
  region size 1024K, 2 young (2048K), 2 survivors (2048K)
 Metaspace       used 3889K, capacity 7072K, committed 7296K, reserved 1056768K
  class space    used 462K, capacity 785K, committed 896K, reserved 1048576K
}
Event: 15.050 GC heap before
{Heap before GC invocations=1 (full 0):
 garbage-first heap   total 32768K, used 16273K [0x00000000e1200000, 0x0000000100000000)
  region size 1024K, 15 young (15360K), 2 survivors (2048K)
 Metaspace       used 4973K, capacity 7727K, committed 7936K, reserved 1056768K
  class space    used 623K, capacity 918K, committed 1024K, reserved 1048576K
}
Event: 15.065 GC heap after
{Heap after GC invocations=2 (full 0):
 garbage-first heap   total 32768K, used 3626K [0x00000000e1200000, 0x0000000100000000)
  region size 1024K, 1 young (1024K), 1 survivors (1024K)
 Metaspace       used 4973K, capacity 7727K, committed 7936K, reserved 1056768K
  class space    used 623K, capacity 918K, committed 1024K, reserved 1048576K
}
Event: 16.959 GC heap before
{Heap before GC invocations=2 (full 0):
 garbage-first heap   total 32768K, used 17962K [0x00000000e1200000, 0x0000000100000000)
  region size 1024K, 15 young (15360K), 1 survivors (1024K)
 Metaspace       used 7408K, capacity 9970K, committed 10240K, reserved 1058816K
  class space    used 917K, capacity 1218K, committed 1280K, reserved 1048576K
}
Event: 16.968 GC heap after
{Heap after GC invocations=3 (full 0):
 garbage-first heap   total 32768K, used 4146K [0x00000000e1200000, 0x0000000100000000)
  region size 1024K, 2 young (2048K), 2 survivors (2048K)
 Metaspace       used 7408K, capacity 9970K, committed 10240K, reserved 1058816K
  class space    used 917K, capacity 1218K, committed 1280K, reserved 1048576K
}
Event: 29.556 GC heap before
{Heap before GC invocations=3 (full 0):
 garbage-first heap   total 32768K, used 18482K [0x00000000e1200000, 0x0000000100000000)
  region size 1024K, 17 young (17408K), 2 survivors (2048K)
 Metaspace       used 10002K, capacity 12314K, committed 12672K, reserved 1060864K
  class space    used 1254K, capacity 1543K, committed 1664K, reserved 1048576K
}
Event: 29.575 GC heap after
{Heap after GC invocations=4 (full 0):
 garbage-first heap   total 32768K, used 5334K [0x00000000e1200000, 0x0000000100000000)
  region size 1024K, 3 young (3072K), 3 survivors (3072K)
 Metaspace       used 10002K, capacity 12314K, committed 12672K, reserved 1060864K
  class space    used 1254K, capacity 1543K, committed 1664K, reserved 1048576K
}
Event: 38.663 GC heap before
{Heap before GC invocations=4 (full 0):
 garbage-first heap   total 32768K, used 20694K [0x00000000e1200000, 0x0000000100000000)
  region size 1024K, 19 young (19456K), 3 survivors (3072K)
 Metaspace       used 14695K, capacity 15120K, committed 15232K, reserved 1062912K
  class space    used 1731K, capacity 1895K, committed 1920K, reserved 1048576K
}
Event: 38.692 GC heap after
{Heap after GC invocations=5 (full 0):
 garbage-first heap   total 32768K, used 6969K [0x00000000e1200000, 0x0000000100000000)
  region size 1024K, 3 young (3072K), 3 survivors (3072K)
 Metaspace       used 14695K, capacity 15120K, committed 15232K, reserved 1062912K
  class space    used 1731K, capacity 1895K, committed 1920K, reserved 1048576K
}

